# JRE version: Java(TM) SE Runtime Environment 18.9 (11.0.7+8) (build 11.0.7+8-LTS)
# Java VM: Java HotSpot(TM) 64-Bit Server VM 18.9 (11.0.7+8-LTS, mixed mode, tiered, compressed oops, g1 gc, windows-amd64)
Heap:
 garbage-first heap   total 260096K, used 9875K [0x0000000702c00000, 0x0000000800000000)
  region size 1024K, 5 young (5120K), 5 survivors (5120K)
 Metaspace       used 28211K, capacity 29160K, committed 29184K, reserved 1085440K
  class space    used 3435K, capacity 3828K, committed 3840K, reserved 1048576K
GC Heap History (8 events):
Event: 1.621 GC heap before
{Heap before GC invocations=0 (full 0):
 garbage-first heap   total 260096K, used 23552K [0x0000000702c00000, 0x0000000800000000)
  region size 1024K, 24 young (24576K), 0 survivors (0K)
 Metaspace       used 14567K, capacity 14900K, committed 15104K, reserved 1062912K
  class space    used 1537K, capacity 1672K, committed 1792K, reserved 1048576K
}
Event: 1.627 GC heap after
{Heap after GC invocations=1 (full 0):
 garbage-first heap   total 260096K, used 5023K [0x0000000702c00000, 0x0000000800000000)
  region size 1024K, 3 young (3072K), 3 survivors (3072K)
 Metaspace       used 14567K, capacity 14900K, committed 15104K, reserved 1062912K
  class space    used 1537K, capacity 1672K, committed 1792K, reserved 1048576K
}
Event: 1.974 GC heap before
{Heap before GC invocations=1 (full 0):
 garbage-first heap   total 260096K, used 23455K [0x0000000702c00000, 0x0000000800000000)
  region size 1024K, 21 young (21504K), 3 survivors (3072K)
 Metaspace       used 17432K, capacity 17878K, committed 18048K, reserved 1064960K
  class space    used 1926K, capacity 2142K, committed 2176K, reserved 1048576K
}
Event: 1.979 GC heap after
{Heap after GC invocations=2 (full 0):
 garbage-first heap   total 260096K, used 6140K [0x0000000702c00000, 0x0000000800000000)
  region size 1024K, 2 young (2048K), 2 survivors (2048K)
 Metaspace       used 17432K, capacity 17878K, committed 18048K, reserved 1064960K
  class space    used 1926K, capacity 2142K, committed 2176K, reserved 1048576K
}
Event: 2.270 GC heap before
{Heap before GC invocations=2 (full 0):
 garbage-first heap   total 260096K, used 23548K [0x0000000702c00000, 0x0000000800000000)
  region size 1024K, 20 young (20480K), 2 survivors (2048K)
 Metaspace       used 20393K, capacity 21074K, committed 21248K, reserved 1067008K
  class space    used 2392K, capacity 2697K, committed 2816K, reserved 1048576K
}
Event: 2.274 GC heap after
{Heap after GC invocations=3 (full 0):
 garbage-first heap   total 260096K, used 7057K [0x0000000702c00000, 0x0000000800000000)
  region size 1024K, 2 young (2048K), 2 survivors (2048K)
 Metaspace       used 20393K, capacity 21074K, committed 21248K, reserved 1067008K
  class space    used 2392K, capacity 2697K, committed 2816K, reserved 1048576K
}
Event: 3.529 GC heap before
{Heap before GC invocations=4 (full 0):
 garbage-first heap   total 260096K, used 77713K [0x0000000702c00000, 0x0000000800000000)
  region size 1024K, 73 young (74752K), 2 survivors (2048K)
 Metaspace       used 28211K, capacity 29160K, committed 29184K, reserved 1083392K
  class space    used 3435K, capacity 3828K, committed 3840K, reserved 1048576K
}
Event: 3.536 GC heap after
{Heap after GC invocations=5 (full 0):
 garbage-first heap   total 260096K, used 9875K [0x0000000702c00000, 0x0000000800000000)
  region size 1024K, 5 young (5120K), 5 survivors (5120K)
 Metaspace       used 28211K, capacity 29160K, committed 29184K, reserved 1083392K
  class space    used 3435K, capacity 3828K, committed 3840K, reserved 1048576K
}

